#
# A fatal error has been detected by the Java Runtime Environment:
#
#  SIGSEGV (0xb) at pc=0x00007fff52e38065, pid=95209, tid=0x0000000000003d17
#
# JRE version: Java(TM) SE Runtime Environment (8.0_161-b12) (build 1.8.0_161-b12)
# Java VM: Java HotSpot(TM) 64-Bit Server VM (25.161-b12 mixed mode bsd-amd64 compressed oops)
# Problematic frame:
# C  [libsystem_pthread.dylib+0x6065]  pthread_kill+0x132
#
# Failed to write core dump. Core dumps have been disabled. To enable core dumping, try "ulimit -c unlimited" before starting Java again
#
# If you would like to submit a bug report, please visit:
#   http://bugreport.java.com/bugreport/crash.jsp
# The crash happened outside the Java Virtual Machine in native code.
# See problematic frame for where to report the bug.
#

---------------  T H R E A D  ---------------

Current thread (0x00007fd8d117e800):  JavaThread "Thread-3" [_thread_in_native, id=15639, stack(0x0000700004d59000,0x0000700004e59000)]

siginfo: si_signo: 11 (SIGSEGV), si_code: 1 (SEGV_MAPERR), si_addr: 0x000070000608f018

Registers:
RAX=0x000000000c000000, RBX=0x000070000608f000, RCX=0x00007fff52c6e172, RDX=0x0000000000000000
RSP=0x0000700004e57ff0, RBP=0x0000700004e58020, RSI=0x00007fff8b634358, RDI=0x0000000001000002
R8 =0x9e3779b97f4a7c55, R9 =0x0000000000000003, R10=0x0000000000000000, R11=0x0000000000000246
R12=0x0000000000006703, R13=0x0000000000000001, R14=0x0000000000000017, R15=0x0000000000000003
RIP=0x00007fff52e38065, EFLAGS=0x0000000000010202, ERR=0x0000000000000004
  TRAPNO=0x000000000000000e

Top of Stack: (sp=0x0000700004e57ff0)
0x0000700004e57ff0:   0000000111ae3eab 00007fd8d117e9f8
0x0000700004e58000:   0000000000000000 0000000112b08140
0x0000700004e58010:   0000700004e580d0 00007fd8d117e800
0x0000700004e58020:   0000700004e58040 0000000111ae3ec4
0x0000700004e58030:   0000700004e580a8 0000000112b08140
0x0000700004e58040:   0000700004e580a8 0000000114a07667
0x0000700004e58050:   0000700004e580a8 0000000114a073c7
0x0000700004e58060:   0000000114a07382 0000700004e58068
0x0000700004e58070:   0000000112b08140 0000700004e580d0
0x0000700004e58080:   0000000112b082d8 0000000000000000
0x0000700004e58090:   0000000112b08140 0000000000000000
0x0000700004e580a0:   0000700004e580c8 0000700004e58128
0x0000700004e580b0:   00000001149f72bd 00000007803c40a8
0x0000700004e580c0:   0000000114a00d18 000070000608f000
0x0000700004e580d0:   00000007ae94b0a0 0000000000000001
0x0000700004e580e0:   00000007ae94b140 0000700004e580d8
0x0000700004e580f0:   000000011456e9b5 0000700004e58158
0x0000700004e58100:   000000011456f5d8 0000000000000000
0x0000700004e58110:   000000011456e9f8 0000700004e580c8
0x0000700004e58120:   0000700004e58158 0000700004e581a0
0x0000700004e58130:   00000001149f72bd 0000000000000000
0x0000700004e58140:   000070000608f000 0000000000000000
0x0000700004e58150:   00000007ae94b140 00000007ae94b0a0
0x0000700004e58160:   0000700004e58160 00000001140dd731
0x0000700004e58170:   0000700004e581d8 00000001140ddc88
0x0000700004e58180:   0000000000000000 00000001140dd7a0
0x0000700004e58190:   0000700004e58158 0000700004e581d8
0x0000700004e581a0:   0000700004e58230 00000001149f72bd
0x0000700004e581b0:   0000000000000000 0000000000000000
0x0000700004e581c0:   0000000000000000 0000000000000000
0x0000700004e581d0:   0000000000000000 00000007ae94b0a0
0x0000700004e581e0:   0000000000000001 00000007ae94b100 

Instructions: (pc=0x00007fff52e38065)
0x00007fff52e38045:   0c 48 8d 3d 0b c3 7f 38 e8 2a 32 00 00 45 84 ed
0x00007fff52e38055:   75 09 eb 38 44 8b a3 f8 00 00 00 b8 00 00 00 0c
0x00007fff52e38065:   23 43 18 41 bf 2d 00 00 00 3d 00 00 00 04 74 1c
0x00007fff52e38075:   44 89 e7 44 89 f6 e8 12 31 00 00 41 89 c7 41 83 

Register to memory mapping:

RAX=0x000000000c000000 is an unknown value
RBX=0x000070000608f000 is an unknown value
RCX=0x00007fff52c6e172: __ulock_wake+0xa in /usr/lib/system/libsystem_kernel.dylib at 0x00007fff52c51000
RDX=0x0000000000000000 is an unknown value
RSP=0x0000700004e57ff0 is pointing into the stack for thread: 0x00007fd8d117e800
RBP=0x0000700004e58020 is pointing into the stack for thread: 0x00007fd8d117e800
RSI=0x00007fff8b634358: _pthread_list_lock+0 in /usr/lib/system/libsystem_pthread.dylib at 0x00007fff52e32000
RDI=0x0000000001000002 is an unknown value
R8 =0x9e3779b97f4a7c55 is an unknown value
R9 =0x0000000000000003 is an unknown value
R10=0x0000000000000000 is an unknown value
R11=0x0000000000000246 is an unknown value
R12=0x0000000000006703 is an unknown value
R13=0x0000000000000001 is an unknown value
R14=0x0000000000000017 is an unknown value
R15=0x0000000000000003 is an unknown value


Stack: [0x0000700004d59000,0x0000700004e59000],  sp=0x0000700004e57ff0,  free space=1019k
Native frames: (J=compiled Java code, j=interpreted, Vv=VM code, C=native code)
C  [libsystem_pthread.dylib+0x6065]  pthread_kill+0x132
C  [libnio.dylib+0x2ec4]  Java_sun_nio_ch_NativeThread_signal+0x19
j  sun.nio.ch.NativeThread.signal(J)V+0
j  sun.nio.ch.ServerSocketChannelImpl.implCloseSelectableChannel()V+37
j  java.nio.channels.spi.AbstractSelectableChannel.implCloseChannel()V+1
j  java.nio.channels.spi.AbstractInterruptibleChannel.close()V+23
j  sun.nio.ch.ServerSocketAdaptor.close()V+4
j  org.apache.tomcat.util.net.NioEndpoint.unbind()V+70
j  org.apache.tomcat.util.net.AbstractEndpoint.stop()V+15
j  org.apache.coyote.AbstractProtocol.stop()V+58
j  org.apache.catalina.connector.Connector.stopInternal()V+11
j  org.apache.catalina.util.LifecycleBase.stop()V+214
j  org.apache.catalina.core.StandardService.stopInternal()V+214
j  org.apache.catalina.util.LifecycleBase.stop()V+214
j  org.apache.catalina.core.StandardServer.stopInternal()V+31
j  org.apache.catalina.util.LifecycleBase.stop()V+214
j  org.apache.catalina.startup.Tomcat.stop()V+9
j  org.springframework.boot.web.embedded.tomcat.TomcatWebServer.stopTomcat()V+29
j  org.springframework.boot.web.embedded.tomcat.TomcatWebServer.stop()V+18
j  org.springframework.boot.web.servlet.context.ServletWebServerApplicationContext.stopAndReleaseWebServer()V+10
j  org.springframework.boot.web.servlet.context.ServletWebServerApplicationContext.onClose()V+5
j  org.springframework.context.support.AbstractApplicationContext.doClose()V+135
j  org.springframework.context.support.AbstractApplicationContext$1.run()V+14
v  ~StubRoutines::call_stub
V  [libjvm.dylib+0x2ef9aa]  JavaCalls::call_helper(JavaValue*, methodHandle*, JavaCallArguments*, Thread*)+0x6ae
V  [libjvm.dylib+0x2f014e]  JavaCalls::call_virtual(JavaValue*, KlassHandle, Symbol*, Symbol*, JavaCallArguments*, Thread*)+0x164
V  [libjvm.dylib+0x2f02fa]  JavaCalls::call_virtual(JavaValue*, Handle, KlassHandle, Symbol*, Symbol*, Thread*)+0x4a
V  [libjvm.dylib+0x34aae5]  thread_entry(JavaThread*, Thread*)+0x7c
V  [libjvm.dylib+0x56edef]  JavaThread::thread_main_inner()+0x9b
V  [libjvm.dylib+0x5704ea]  JavaThread::run()+0x1c2
V  [libjvm.dylib+0x48d83a]  java_start(Thread*)+0xf6
C  [libsystem_pthread.dylib+0x3661]  _pthread_body+0x154
C  [libsystem_pthread.dylib+0x350d]  _pthread_body+0x0
C  [libsystem_pthread.dylib+0x2bf9]  thread_start+0xd
C  0x0000000000000000

Java frames: (J=compiled Java code, j=interpreted, Vv=VM code)
j  sun.nio.ch.NativeThread.signal(J)V+0
j  sun.nio.ch.ServerSocketChannelImpl.implCloseSelectableChannel()V+37
j  java.nio.channels.spi.AbstractSelectableChannel.implCloseChannel()V+1
j  java.nio.channels.spi.AbstractInterruptibleChannel.close()V+23
j  sun.nio.ch.ServerSocketAdaptor.close()V+4
j  org.apache.tomcat.util.net.NioEndpoint.unbind()V+70
j  org.apache.tomcat.util.net.AbstractEndpoint.stop()V+15
j  org.apache.coyote.AbstractProtocol.stop()V+58
j  org.apache.catalina.connector.Connector.stopInternal()V+11
j  org.apache.catalina.util.LifecycleBase.stop()V+214
j  org.apache.catalina.core.StandardService.stopInternal()V+214
j  org.apache.catalina.util.LifecycleBase.stop()V+214
j  org.apache.catalina.core.StandardServer.stopInternal()V+31
j  org.apache.catalina.util.LifecycleBase.stop()V+214
j  org.apache.catalina.startup.Tomcat.stop()V+9
j  org.springframework.boot.web.embedded.tomcat.TomcatWebServer.stopTomcat()V+29
j  org.springframework.boot.web.embedded.tomcat.TomcatWebServer.stop()V+18
j  org.springframework.boot.web.servlet.context.ServletWebServerApplicationContext.stopAndReleaseWebServer()V+10
j  org.springframework.boot.web.servlet.context.ServletWebServerApplicationContext.onClose()V+5
j  org.springframework.context.support.AbstractApplicationContext.doClose()V+135
j  org.springframework.context.support.AbstractApplicationContext$1.run()V+14
v  ~StubRoutines::call_stub

---------------  P R O C E S S  ---------------

Java Threads: ( => current thread )
  0x00007fd8d1180800 JavaThread "localhost-startStop-2" daemon [_thread_blocked, id=21767, stack(0x0000700005062000,0x0000700005162000)]
  0x00007fd8d1aab000 JavaThread "Tomcat-startStop-2" daemon [_thread_blocked, id=15883, stack(0x0000700004e5c000,0x0000700004f5c000)]
=>0x00007fd8d117e800 JavaThread "Thread-3" [_thread_in_native, id=15639, stack(0x0000700004d59000,0x0000700004e59000)]
  0x00007fd8d1774800 JavaThread "SIGINT handler" daemon [_thread_blocked, id=4883, stack(0x0000700004c56000,0x0000700004d56000)]
  0x00007fd8d408a000 JavaThread "DestroyJavaVM" [_thread_blocked, id=5891, stack(0x0000700003ca6000,0x0000700003da6000)]
  0x00007fd8d382e800 JavaThread "NioBlockingSelector.BlockPoller-1" daemon [_thread_in_native, id=43011, stack(0x0000700005268000,0x0000700005368000)]
  0x00007fd8d1f83000 JavaThread "container-0" [_thread_blocked, id=17159, stack(0x0000700004f5f000,0x000070000505f000)]
  0x00007fd8d1161800 JavaThread "Service Thread" daemon [_thread_blocked, id=15107, stack(0x0000700004a50000,0x0000700004b50000)]
  0x00007fd8d1a4c000 JavaThread "C1 CompilerThread2" daemon [_thread_blocked, id=18179, stack(0x000070000494d000,0x0000700004a4d000)]
  0x00007fd8d088c800 JavaThread "C2 CompilerThread1" daemon [_thread_blocked, id=18435, stack(0x000070000484a000,0x000070000494a000)]
  0x00007fd8d085b000 JavaThread "C2 CompilerThread0" daemon [_thread_blocked, id=14339, stack(0x0000700004747000,0x0000700004847000)]
  0x00007fd8d1161000 JavaThread "Monitor Ctrl-Break" daemon [_thread_in_native, id=14083, stack(0x0000700004644000,0x0000700004744000)]
  0x00007fd8d201e000 JavaThread "Signal Dispatcher" daemon [_thread_blocked, id=13579, stack(0x0000700004541000,0x0000700004641000)]
  0x00007fd8d2001800 JavaThread "Finalizer" daemon [_thread_blocked, id=11779, stack(0x00007000043bb000,0x00007000044bb000)]
  0x00007fd8d0850800 JavaThread "Reference Handler" daemon [_thread_blocked, id=11523, stack(0x00007000042b8000,0x00007000043b8000)]

Other Threads:
  0x00007fd8d084c000 VMThread [stack: 0x00007000041b5000,0x00007000042b5000] [id=11267]
  0x00007fd8d204e800 WatcherThread [stack: 0x0000700004b53000,0x0000700004c53000] [id=17411]

VM state:not at safepoint (normal execution)

VM Mutex/Monitor currently owned by a thread: None

Heap:
 PSYoungGen      total 176640K, used 163673K [0x00000007aab00000, 0x00000007ba780000, 0x00000007c0000000)
  eden space 163328K, 92% used [0x00000007aab00000,0x00000007b3dd8530,0x00000007b4a80000)
  from space 13312K, 99% used [0x00000007b4a80000,0x00000007b577e070,0x00000007b5780000)
  to   space 15360K, 0% used [0x00000007b9880000,0x00000007b9880000,0x00000007ba780000)
 ParOldGen       total 49664K, used 17912K [0x0000000780000000, 0x0000000783080000, 0x00000007aab00000)
  object space 49664K, 36% used [0x0000000780000000,0x000000078117e338,0x0000000783080000)
 Metaspace       used 49338K, capacity 51796K, committed 52016K, reserved 1093632K
  class space    used 6418K, capacity 6837K, committed 6960K, reserved 1048576K

Card table byte_map: [0x000000010bbc0000,0x000000010bdc1000] byte_map_base: 0x0000000107fc0000

Marking Bits: (ParMarkBitMap*) 0x000000010a7d66c0
 Begin Bits: [0x000000010bf17000, 0x000000010cf17000)
 End Bits:   [0x000000010cf17000, 0x000000010df17000)

Polling page: 0x000000010aed1000

CodeCache: size=245760Kb used=18554Kb max_used=18566Kb free=227205Kb
 bounds [0x00000001149ef000, 0x0000000115c2f000, 0x00000001239ef000]
 total_blobs=6091 nmethods=5607 adapters=397
 compilation: enabled

Compilation events (10 events):
Event: 2785.662 Thread 0x00007fd8d1a4c000 6489       3       java.lang.reflect.Field::get (51 bytes)
Event: 2785.663 Thread 0x00007fd8d1a4c000 nmethod 6489 0x0000000115c1e410 code [0x0000000115c1e5e0, 0x0000000115c1ec28]
Event: 2785.669 Thread 0x00007fd8d1a4c000 6486       1       java.beans.PropertyChangeEvent::getNewValue (5 bytes)
Event: 2785.670 Thread 0x00007fd8d1a4c000 nmethod 6486 0x0000000115426e10 code [0x0000000115426f60, 0x0000000115427070]
Event: 2785.673 Thread 0x00007fd8d1a4c000 6487       1       org.apache.catalina.session.StandardSession::getId (5 bytes)
Event: 2785.673 Thread 0x00007fd8d1a4c000 nmethod 6487 0x0000000115601050 code [0x00000001156011a0, 0x00000001156012b0]
Event: 2785.697 Thread 0x00007fd8d088c800 6492       4       java.util.AbstractCollection::isEmpty (13 bytes)
Event: 2785.698 Thread 0x00007fd8d1a4c000 6493       1       org.apache.tomcat.util.net.AbstractEndpoint::isSSLEnabled (5 bytes)
Event: 2785.698 Thread 0x00007fd8d088c800 nmethod 6492 0x0000000115a54710 code [0x0000000115a54860, 0x0000000115a548d8]
Event: 2785.698 Thread 0x00007fd8d1a4c000 nmethod 6493 0x0000000115600d90 code [0x0000000115600ee0, 0x0000000115600ff0]

GC Heap History (10 events):
Event: 4.590 GC heap before
{Heap before GC invocations=9 (full 1):
 PSYoungGen      total 71680K, used 64000K [0x00000007aab00000, 0x00000007b3700000, 0x00000007c0000000)
  eden space 64000K, 100% used [0x00000007aab00000,0x00000007ae980000,0x00000007ae980000)
  from space 7680K, 0% used [0x00000007ae980000,0x00000007ae980000,0x00000007af100000)
  to   space 7680K, 0% used [0x00000007b2f80000,0x00000007b2f80000,0x00000007b3700000)
 ParOldGen       total 27648K, used 4744K [0x0000000780000000, 0x0000000781b00000, 0x00000007aab00000)
  object space 27648K, 17% used [0x0000000780000000,0x00000007804a2260,0x0000000781b00000)
 Metaspace       used 25862K, capacity 26578K, committed 26672K, reserved 1073152K
  class space    used 3350K, capacity 3548K, committed 3632K, reserved 1048576K
Event: 4.608 GC heap after
Heap after GC invocations=9 (full 1):
 PSYoungGen      total 120320K, used 7665K [0x00000007aab00000, 0x00000007b3700000, 0x00000007c0000000)
  eden space 112640K, 0% used [0x00000007aab00000,0x00000007aab00000,0x00000007b1900000)
  from space 7680K, 99% used [0x00000007b2f80000,0x00000007b36fc630,0x00000007b3700000)
  to   space 9728K, 0% used [0x00000007b2400000,0x00000007b2400000,0x00000007b2d80000)
 ParOldGen       total 27648K, used 6626K [0x0000000780000000, 0x0000000781b00000, 0x00000007aab00000)
  object space 27648K, 23% used [0x0000000780000000,0x0000000780678a08,0x0000000781b00000)
 Metaspace       used 25862K, capacity 26578K, committed 26672K, reserved 1073152K
  class space    used 3350K, capacity 3548K, committed 3632K, reserved 1048576K
}
Event: 6.613 GC heap before
{Heap before GC invocations=10 (full 1):
 PSYoungGen      total 120320K, used 120305K [0x00000007aab00000, 0x00000007b3700000, 0x00000007c0000000)
  eden space 112640K, 100% used [0x00000007aab00000,0x00000007b1900000,0x00000007b1900000)
  from space 7680K, 99% used [0x00000007b2f80000,0x00000007b36fc630,0x00000007b3700000)
  to   space 9728K, 0% used [0x00000007b2400000,0x00000007b2400000,0x00000007b2d80000)
 ParOldGen       total 27648K, used 6626K [0x0000000780000000, 0x0000000781b00000, 0x00000007aab00000)
  object space 27648K, 23% used [0x0000000780000000,0x0000000780678a08,0x0000000781b00000)
 Metaspace       used 32533K, capacity 33820K, committed 34224K, reserved 1079296K
  class space    used 4188K, capacity 4423K, committed 4528K, reserved 1048576K
Event: 6.679 GC heap after
Heap after GC invocations=10 (full 1):
 PSYoungGen      total 133632K, used 9696K [0x00000007aab00000, 0x00000007b6480000, 0x00000007c0000000)
  eden space 123904K, 0% used [0x00000007aab00000,0x00000007aab00000,0x00000007b2400000)
  from space 9728K, 99% used [0x00000007b2400000,0x00000007b2d78150,0x00000007b2d80000)
  to   space 13312K, 0% used [0x00000007b5780000,0x00000007b5780000,0x00000007b6480000)
 ParOldGen       total 27648K, used 12501K [0x0000000780000000, 0x0000000781b00000, 0x00000007aab00000)
  object space 27648K, 45% used [0x0000000780000000,0x0000000780c35540,0x0000000781b00000)
 Metaspace       used 32533K, capacity 33820K, committed 34224K, reserved 1079296K
  class space    used 4188K, capacity 4423K, committed 4528K, reserved 1048576K
}
Event: 7.333 GC heap before
{Heap before GC invocations=11 (full 1):
 PSYoungGen      total 133632K, used 53316K [0x00000007aab00000, 0x00000007b6480000, 0x00000007c0000000)
  eden space 123904K, 35% used [0x00000007aab00000,0x00000007ad599010,0x00000007b2400000)
  from space 9728K, 99% used [0x00000007b2400000,0x00000007b2d78150,0x00000007b2d80000)
  to   space 13312K, 0% used [0x00000007b5780000,0x00000007b5780000,0x00000007b6480000)
 ParOldGen       total 27648K, used 12501K [0x0000000780000000, 0x0000000781b00000, 0x00000007aab00000)
  object space 27648K, 45% used [0x0000000780000000,0x0000000780c35540,0x0000000781b00000)
 Metaspace       used 34053K, capacity 35384K, committed 35496K, reserved 1081344K
  class space    used 4379K, capacity 4647K, committed 4656K, reserved 1048576K
Event: 7.377 GC heap after
Heap after GC invocations=11 (full 1):
 PSYoungGen      total 176640K, used 7219K [0x00000007aab00000, 0x00000007b7680000, 0x00000007c0000000)
  eden space 163328K, 0% used [0x00000007aab00000,0x00000007aab00000,0x00000007b4a80000)
  from space 13312K, 54% used [0x00000007b5780000,0x00000007b5e8cd70,0x00000007b6480000)
  to   space 13312K, 0% used [0x00000007b4a80000,0x00000007b4a80000,0x00000007b5780000)
 ParOldGen       total 27648K, used 17744K [0x0000000780000000, 0x0000000781b00000, 0x00000007aab00000)
  object space 27648K, 64% used [0x0000000780000000,0x0000000781154160,0x0000000781b00000)
 Metaspace       used 34053K, capacity 35384K, committed 35496K, reserved 1081344K
  class space    used 4379K, capacity 4647K, committed 4656K, reserved 1048576K
}
Event: 7.377 GC heap before
{Heap before GC invocations=12 (full 2):
 PSYoungGen      total 176640K, used 7219K [0x00000007aab00000, 0x00000007b7680000, 0x00000007c0000000)
  eden space 163328K, 0% used [0x00000007aab00000,0x00000007aab00000,0x00000007b4a80000)
  from space 13312K, 54% used [0x00000007b5780000,0x00000007b5e8cd70,0x00000007b6480000)
  to   space 13312K, 0% used [0x00000007b4a80000,0x00000007b4a80000,0x00000007b5780000)
 ParOldGen       total 27648K, used 17744K [0x0000000780000000, 0x0000000781b00000, 0x00000007aab00000)
  object space 27648K, 64% used [0x0000000780000000,0x0000000781154160,0x0000000781b00000)
 Metaspace       used 34053K, capacity 35384K, committed 35496K, reserved 1081344K
  class space    used 4379K, capacity 4647K, committed 4656K, reserved 1048576K
Event: 7.478 GC heap after
Heap after GC invocations=12 (full 2):
 PSYoungGen      total 176640K, used 0K [0x00000007aab00000, 0x00000007b7680000, 0x00000007c0000000)
  eden space 163328K, 0% used [0x00000007aab00000,0x00000007aab00000,0x00000007b4a80000)
  from space 13312K, 0% used [0x00000007b5780000,0x00000007b5780000,0x00000007b6480000)
  to   space 13312K, 0% used [0x00000007b4a80000,0x00000007b4a80000,0x00000007b5780000)
 ParOldGen       total 49664K, used 17807K [0x0000000780000000, 0x0000000783080000, 0x00000007aab00000)
  object space 49664K, 35% used [0x0000000780000000,0x0000000781163d68,0x0000000783080000)
 Metaspace       used 34053K, capacity 35384K, committed 35496K, reserved 1081344K
  class space    used 4379K, capacity 4647K, committed 4656K, reserved 1048576K
}
Event: 10.082 GC heap before
{Heap before GC invocations=13 (full 2):
 PSYoungGen      total 176640K, used 163328K [0x00000007aab00000, 0x00000007b7680000, 0x00000007c0000000)
  eden space 163328K, 100% used [0x00000007aab00000,0x00000007b4a80000,0x00000007b4a80000)
  from space 13312K, 0% used [0x00000007b5780000,0x00000007b5780000,0x00000007b6480000)
  to   space 13312K, 0% used [0x00000007b4a80000,0x00000007b4a80000,0x00000007b5780000)
 ParOldGen       total 49664K, used 17807K [0x0000000780000000, 0x0000000783080000, 0x00000007aab00000)
  object space 49664K, 35% used [0x0000000780000000,0x0000000781163d68,0x0000000783080000)
 Metaspace       used 42417K, capacity 44492K, committed 44720K, reserved 1087488K
  class space    used 5612K, capacity 5953K, committed 6064K, reserved 1048576K
Event: 10.122 GC heap after
Heap after GC invocations=13 (full 2):
 PSYoungGen      total 176640K, used 13304K [0x00000007aab00000, 0x00000007ba780000, 0x00000007c0000000)
  eden space 163328K, 0% used [0x00000007aab00000,0x00000007aab00000,0x00000007b4a80000)
  from space 13312K, 99% used [0x00000007b4a80000,0x00000007b577e070,0x00000007b5780000)
  to   space 15360K, 0% used [0x00000007b9880000,0x00000007b9880000,0x00000007ba780000)
 ParOldGen       total 49664K, used 17912K [0x0000000780000000, 0x0000000783080000, 0x00000007aab00000)
  object space 49664K, 36% used [0x0000000780000000,0x000000078117e338,0x0000000783080000)
 Metaspace       used 42417K, capacity 44492K, committed 44720K, reserved 1087488K
  class space    used 5612K, capacity 5953K, committed 6064K, reserved 1048576K
}

Deoptimization events (10 events):
Event: 110.974 Thread 0x00007fd8d38bd800 Uncommon trap: reason=bimorphic action=maybe_recompile pc=0x00000001154b8350 method=java.util.AbstractList$Itr.next()Ljava/lang/Object; @ 14
Event: 111.602 Thread 0x00007fd8d38be000 Uncommon trap: reason=class_check action=maybe_recompile pc=0x0000000115541fd8 method=java.util.concurrent.ConcurrentHashMap.putVal(Ljava/lang/Object;Ljava/lang/Object;Z)Ljava/lang/Object; @ 192
Event: 111.603 Thread 0x00007fd8d38be000 Uncommon trap: reason=unstable_if action=reinterpret pc=0x000000011579c334 method=java.util.concurrent.ConcurrentHashMap.get(Ljava/lang/Object;)Ljava/lang/Object; @ 152
Event: 111.677 Thread 0x00007fd8d4273800 Uncommon trap: reason=unstable_if action=reinterpret pc=0x0000000114c8acfc method=java.util.regex.Pattern$BmpCharProperty.match(Ljava/util/regex/Matcher;ILjava/lang/CharSequence;)Z @ 34
Event: 111.718 Thread 0x00007fd8d4273800 Uncommon trap: reason=class_check action=maybe_recompile pc=0x0000000115541fd8 method=java.util.concurrent.ConcurrentHashMap.putVal(Ljava/lang/Object;Ljava/lang/Object;Z)Ljava/lang/Object; @ 192
Event: 1046.095 Thread 0x00007fd8d4273800 Uncommon trap: reason=null_check action=make_not_entrant pc=0x000000011596535c method=org.springframework.core.annotation.AnnotatedElementUtils.searchWithFindSemantics(Ljava/lang/reflect/AnnotatedElement;Ljava/lang/Class;Ljava/lang/String;Ljava/lang/Class
Event: 2783.096 Thread 0x00007fd8d201e000 Uncommon trap: reason=bimorphic action=maybe_recompile pc=0x0000000114bea1d8 method=java.util.Hashtable.get(Ljava/lang/Object;)Ljava/lang/Object; @ 45
Event: 2783.096 Thread 0x00007fd8d201e000 Uncommon trap: reason=bimorphic action=maybe_recompile pc=0x0000000114bea1d8 method=java.util.Hashtable.get(Ljava/lang/Object;)Ljava/lang/Object; @ 45
Event: 2783.569 Thread 0x00007fd8d117e800 Uncommon trap: reason=unstable_if action=reinterpret pc=0x0000000114c7792c method=sun.net.www.ParseUtil.encodePath(Ljava/lang/String;Z)Ljava/lang/String; @ 145
Event: 2787.716 Thread 0x00007fd8d2503800 Uncommon trap: reason=unstable_if action=reinterpret pc=0x0000000115b303d0 method=java.util.concurrent.locks.AbstractQueuedSynchronizer.doReleaseShared()V @ 6

Classes redefined (0 events):
No events

Internal exceptions (10 events):
Event: 21.103 Thread 0x00007fd8d4088800 Exception <a 'java/lang/ClassNotFoundException': org/springframework/web/servlet/support/AbstractFlashMapManagerCustomizer> (0x00000007af5c72f0) thrown at [/Users/java_re/workspace/8-2-build-macosx-x86_64/jdk8u161/10277/hotspot/src/share/vm/classfile/syst
Event: 21.105 Thread 0x00007fd8d4088800 Exception <a 'java/lang/ClassNotFoundException': org/springframework/web/servlet/support/SessionFlashMapManagerCustomizer> (0x00000007af5eaf08) thrown at [/Users/java_re/workspace/8-2-build-macosx-x86_64/jdk8u161/10277/hotspot/src/share/vm/classfile/syste
Event: 21.107 Thread 0x00007fd8d4088800 Exception <a 'java/lang/ClassNotFoundException': org/springframework/web/servlet/FlashMapManagerCustomizer> (0x00000007af605e70) thrown at [/Users/java_re/workspace/8-2-build-macosx-x86_64/jdk8u161/10277/hotspot/src/share/vm/classfile/systemDictionary.cpp
Event: 21.162 Thread 0x00007fd8d4088800 Exception <a 'java/lang/NoSuchMethodError': java.lang.Object.lambda$thenComparing$36697e65$1(Ljava/util/Comparator;Ljava/lang/Object;Ljava/lang/Object;)I> (0x00000007af888408) thrown at [/Users/java_re/workspace/8-2-build-macosx-x86_64/jdk8u161/10277/hots
Event: 110.568 Thread 0x00007fd8d38bd800 Implicit null exception at 0x0000000115536dac to 0x00000001155390c5
Event: 1046.095 Thread 0x00007fd8d4273800 Implicit null exception at 0x0000000115959f04 to 0x0000000115965319
Event: 2785.582 Thread 0x00007fd8d117e800 Exception <a 'java/net/SocketTimeoutException': connect timed out> (0x00000007b3bce478) thrown at [/Users/java_re/workspace/8-2-build-macosx-x86_64/jdk8u161/10277/hotspot/src/share/vm/prims/jni.cpp, line 735]
Event: 2785.585 Thread 0x00007fd8d1f87000 Exception <a 'java/lang/InterruptedException': sleep interrupted> (0x00000007b013cde8) thrown at [/Users/java_re/workspace/8-2-build-macosx-x86_64/jdk8u161/10277/hotspot/src/share/vm/prims/jvm.cpp, line 3228]
Event: 2787.704 Thread 0x00007fd8d117e800 Exception <a 'java/net/SocketTimeoutException': connect timed out> (0x00000007b3bdfa98) thrown at [/Users/java_re/workspace/8-2-build-macosx-x86_64/jdk8u161/10277/hotspot/src/share/vm/prims/jni.cpp, line 735]
Event: 2787.728 Thread 0x00007fd8d41e0800 Exception <a 'java/io/IOException'> (0x00000007aec4baa0) thrown at [/Users/java_re/workspace/8-2-build-macosx-x86_64/jdk8u161/10277/hotspot/src/share/vm/prims/jni.cpp, line 709]

Events (10 events):
Event: 2787.726 Thread 0x00007fd8d4088800 Thread exited: 0x00007fd8d4088800
Event: 2787.726 Executing VM operation: RevokeBias
Event: 2787.726 Executing VM operation: RevokeBias done
Event: 2787.726 Thread 0x00007fd8d38be000 Thread exited: 0x00007fd8d38be000
Event: 2787.726 Executing VM operation: RevokeBias
Event: 2787.726 Executing VM operation: RevokeBias done
Event: 2787.726 Thread 0x00007fd8d38bf000 Thread exited: 0x00007fd8d38bf000
Event: 2787.731 Executing VM operation: RevokeBias
Event: 2787.731 Executing VM operation: RevokeBias done
Event: 2787.731 Thread 0x00007fd8d41e0800 Thread exited: 0x00007fd8d41e0800


Dynamic libraries:
0x0000000003141000 	/System/Library/Frameworks/Cocoa.framework/Versions/A/Cocoa
0x0000000003141000 	/System/Library/Frameworks/Security.framework/Versions/A/Security
0x0000000003141000 	/System/Library/Frameworks/ApplicationServices.framework/Versions/A/ApplicationServices
0x0000000003141000 	/usr/lib/libz.1.dylib
0x0000000003141000 	/usr/lib/libSystem.B.dylib
0x0000000003141000 	/usr/lib/libobjc.A.dylib
0x0000000003141000 	/System/Library/Frameworks/CoreFoundation.framework/Versions/A/CoreFoundation
0x0000000003141000 	/System/Library/Frameworks/Foundation.framework/Versions/C/Foundation
0x0000000003141000 	/System/Library/Frameworks/AppKit.framework/Versions/C/AppKit
0x0000000003141000 	/System/Library/Frameworks/CoreData.framework/Versions/A/CoreData
0x0000000003141000 	/System/Library/PrivateFrameworks/RemoteViewServices.framework/Versions/A/RemoteViewServices
0x0000000003141000 	/System/Library/PrivateFrameworks/UIFoundation.framework/Versions/A/UIFoundation
0x0000000003141000 	/System/Library/PrivateFrameworks/DFRFoundation.framework/Versions/A/DFRFoundation
0x0000000003141000 	/System/Library/Frameworks/Metal.framework/Versions/A/Metal
0x0000000003141000 	/System/Library/PrivateFrameworks/DesktopServicesPriv.framework/Versions/A/DesktopServicesPriv
0x0000000003141000 	/usr/lib/libenergytrace.dylib
0x0000000003141000 	/System/Library/PrivateFrameworks/SkyLight.framework/Versions/A/SkyLight
0x0000000003141000 	/System/Library/Frameworks/CoreGraphics.framework/Versions/A/CoreGraphics
0x0000000003141000 	/usr/lib/libScreenReader.dylib
0x0000000003141000 	/System/Library/Frameworks/Accelerate.framework/Versions/A/Accelerate
0x0000000003141000 	/System/Library/Frameworks/IOSurface.framework/Versions/A/IOSurface
0x0000000003141000 	/System/Library/Frameworks/AudioToolbox.framework/Versions/A/AudioToolbox
0x0000000003141000 	/System/Library/Frameworks/AudioUnit.framework/Versions/A/AudioUnit
0x0000000003141000 	/System/Library/PrivateFrameworks/DataDetectorsCore.framework/Versions/A/DataDetectorsCore
0x0000000003141000 	/System/Library/Frameworks/Carbon.framework/Versions/A/Frameworks/HIToolbox.framework/Versions/A/HIToolbox
0x0000000003141000 	/usr/lib/libicucore.A.dylib
0x0000000003141000 	/System/Library/Frameworks/QuartzCore.framework/Versions/A/QuartzCore
0x0000000003141000 	/System/Library/PrivateFrameworks/SignpostNotification.framework/Versions/A/SignpostNotification
0x0000000003141000 	/System/Library/Frameworks/Carbon.framework/Versions/A/Frameworks/SpeechRecognition.framework/Versions/A/SpeechRecognition
0x0000000003141000 	/usr/lib/libauto.dylib
0x0000000003141000 	/usr/lib/libxml2.2.dylib
0x0000000003141000 	/System/Library/PrivateFrameworks/CoreUI.framework/Versions/A/CoreUI
0x0000000003141000 	/System/Library/Frameworks/CoreAudio.framework/Versions/A/CoreAudio
0x0000000003141000 	/System/Library/Frameworks/DiskArbitration.framework/Versions/A/DiskArbitration
0x0000000003141000 	/usr/lib/liblangid.dylib
0x0000000003141000 	/System/Library/PrivateFrameworks/MultitouchSupport.framework/Versions/A/MultitouchSupport
0x0000000003141000 	/System/Library/Frameworks/IOKit.framework/Versions/A/IOKit
0x0000000003141000 	/usr/lib/libDiagnosticMessagesClient.dylib
0x0000000003141000 	/System/Library/Frameworks/CoreServices.framework/Versions/A/CoreServices
0x0000000003141000 	/System/Library/PrivateFrameworks/PerformanceAnalysis.framework/Versions/A/PerformanceAnalysis
0x0000000003141000 	/System/Library/Frameworks/OpenGL.framework/Versions/A/OpenGL
0x0000000003141000 	/System/Library/Frameworks/ColorSync.framework/Versions/A/ColorSync
0x0000000003141000 	/System/Library/Frameworks/CoreImage.framework/Versions/A/CoreImage
0x0000000003141000 	/System/Library/Frameworks/CoreText.framework/Versions/A/CoreText
0x0000000003141000 	/System/Library/Frameworks/ImageIO.framework/Versions/A/ImageIO
0x0000000003141000 	/System/Library/PrivateFrameworks/Backup.framework/Versions/A/Backup
0x0000000003141000 	/usr/lib/libarchive.2.dylib
0x0000000003141000 	/System/Library/Frameworks/CFNetwork.framework/Versions/A/CFNetwork
0x0000000003141000 	/System/Library/Frameworks/SystemConfiguration.framework/Versions/A/SystemConfiguration
0x0000000003141000 	/usr/lib/libCRFSuite.dylib
0x0000000003141000 	/usr/lib/libc++.1.dylib
0x0000000003141000 	/usr/lib/libc++abi.dylib
0x0000000003141000 	/usr/lib/system/libcache.dylib
0x0000000003141000 	/usr/lib/system/libcommonCrypto.dylib
0x0000000003141000 	/usr/lib/system/libcompiler_rt.dylib
0x0000000003141000 	/usr/lib/system/libcopyfile.dylib
0x0000000003141000 	/usr/lib/system/libcorecrypto.dylib
0x0000000003141000 	/usr/lib/system/libdispatch.dylib
0x0000000003141000 	/usr/lib/system/libdyld.dylib
0x0000000003141000 	/usr/lib/system/libkeymgr.dylib
0x0000000003141000 	/usr/lib/system/liblaunch.dylib
0x0000000003141000 	/usr/lib/system/libmacho.dylib
0x0000000003141000 	/usr/lib/system/libquarantine.dylib
0x0000000003141000 	/usr/lib/system/libremovefile.dylib
0x0000000003141000 	/usr/lib/system/libsystem_asl.dylib
0x0000000003141000 	/usr/lib/system/libsystem_blocks.dylib
0x0000000003141000 	/usr/lib/system/libsystem_c.dylib
0x0000000003141000 	/usr/lib/system/libsystem_configuration.dylib
0x0000000003141000 	/usr/lib/system/libsystem_coreservices.dylib
0x0000000003141000 	/usr/lib/system/libsystem_darwin.dylib
0x0000000003141000 	/usr/lib/system/libsystem_dnssd.dylib
0x0000000003141000 	/usr/lib/system/libsystem_info.dylib
0x0000000003141000 	/usr/lib/system/libsystem_m.dylib
0x0000000003141000 	/usr/lib/system/libsystem_malloc.dylib
0x0000000003141000 	/usr/lib/system/libsystem_network.dylib
0x0000000003141000 	/usr/lib/system/libsystem_networkextension.dylib
0x0000000003141000 	/usr/lib/system/libsystem_notify.dylib
0x0000000003141000 	/usr/lib/system/libsystem_sandbox.dylib
0x0000000003141000 	/usr/lib/system/libsystem_secinit.dylib
0x0000000003141000 	/usr/lib/system/libsystem_kernel.dylib
0x0000000003141000 	/usr/lib/system/libsystem_platform.dylib
0x0000000003141000 	/usr/lib/system/libsystem_pthread.dylib
0x0000000003141000 	/usr/lib/system/libsystem_symptoms.dylib
0x0000000003141000 	/usr/lib/system/libsystem_trace.dylib
0x0000000003141000 	/usr/lib/system/libunwind.dylib
0x0000000003141000 	/usr/lib/system/libxpc.dylib
0x0000000003141000 	/usr/lib/closure/libclosured.dylib
0x0000000003141000 	/usr/lib/libbsm.0.dylib
0x0000000003141000 	/usr/lib/system/libkxld.dylib
0x0000000003141000 	/usr/lib/libOpenScriptingUtil.dylib
0x0000000003141000 	/usr/lib/libcoretls.dylib
0x0000000003141000 	/usr/lib/libcoretls_cfhelpers.dylib
0x0000000003141000 	/usr/lib/libpam.2.dylib
0x0000000003141000 	/usr/lib/libsqlite3.dylib
0x0000000003141000 	/usr/lib/libxar.1.dylib
0x0000000003141000 	/usr/lib/libbz2.1.0.dylib
0x0000000003141000 	/usr/lib/liblzma.5.dylib
0x0000000003141000 	/usr/lib/libnetwork.dylib
0x0000000003141000 	/usr/lib/libapple_nghttp2.dylib
0x0000000003141000 	/usr/lib/libpcap.A.dylib
0x0000000003141000 	/usr/lib/libboringssl.dylib
0x0000000003141000 	/usr/lib/libusrtcp.dylib
0x0000000003141000 	/usr/lib/libapple_crypto.dylib
0x0000000003141000 	/System/Library/Frameworks/CoreServices.framework/Versions/A/Frameworks/FSEvents.framework/Versions/A/FSEvents
0x0000000003141000 	/System/Library/Frameworks/CoreServices.framework/Versions/A/Frameworks/CarbonCore.framework/Versions/A/CarbonCore
0x0000000003141000 	/System/Library/Frameworks/CoreServices.framework/Versions/A/Frameworks/Metadata.framework/Versions/A/Metadata
0x0000000003141000 	/System/Library/Frameworks/CoreServices.framework/Versions/A/Frameworks/OSServices.framework/Versions/A/OSServices
0x0000000003141000 	/System/Library/Frameworks/CoreServices.framework/Versions/A/Frameworks/SearchKit.framework/Versions/A/SearchKit
0x0000000003141000 	/System/Library/Frameworks/CoreServices.framework/Versions/A/Frameworks/AE.framework/Versions/A/AE
0x0000000003141000 	/System/Library/Frameworks/CoreServices.framework/Versions/A/Frameworks/LaunchServices.framework/Versions/A/LaunchServices
0x0000000003141000 	/System/Library/Frameworks/CoreServices.framework/Versions/A/Frameworks/DictionaryServices.framework/Versions/A/DictionaryServices
0x0000000003141000 	/System/Library/Frameworks/CoreServices.framework/Versions/A/Frameworks/SharedFileList.framework/Versions/A/SharedFileList
0x0000000003141000 	/System/Library/Frameworks/NetFS.framework/Versions/A/NetFS
0x0000000003141000 	/System/Library/PrivateFrameworks/NetAuth.framework/Versions/A/NetAuth
0x0000000003141000 	/System/Library/PrivateFrameworks/login.framework/Versions/A/Frameworks/loginsupport.framework/Versions/A/loginsupport
0x0000000003141000 	/System/Library/PrivateFrameworks/TCC.framework/Versions/A/TCC
0x0000000003141000 	/usr/lib/libmecabra.dylib
0x0000000003141000 	/System/Library/Frameworks/ApplicationServices.framework/Versions/A/Frameworks/ATS.framework/Versions/A/ATS
0x0000000003141000 	/System/Library/Frameworks/ApplicationServices.framework/Versions/A/Frameworks/ColorSyncLegacy.framework/Versions/A/ColorSyncLegacy
0x0000000003141000 	/System/Library/Frameworks/ApplicationServices.framework/Versions/A/Frameworks/HIServices.framework/Versions/A/HIServices
0x0000000003141000 	/System/Library/Frameworks/ApplicationServices.framework/Versions/A/Frameworks/LangAnalysis.framework/Versions/A/LangAnalysis
0x0000000003141000 	/System/Library/Frameworks/ApplicationServices.framework/Versions/A/Frameworks/PrintCore.framework/Versions/A/PrintCore
0x0000000003141000 	/System/Library/Frameworks/ApplicationServices.framework/Versions/A/Frameworks/QD.framework/Versions/A/QD
0x0000000003141000 	/System/Library/Frameworks/ApplicationServices.framework/Versions/A/Frameworks/SpeechSynthesis.framework/Versions/A/SpeechSynthesis
0x0000000003141000 	/System/Library/Frameworks/CoreDisplay.framework/Versions/A/CoreDisplay
0x0000000003141000 	/System/Library/Frameworks/Accelerate.framework/Versions/A/Frameworks/vImage.framework/Versions/A/vImage
0x0000000003141000 	/System/Library/Frameworks/Accelerate.framework/Versions/A/Frameworks/vecLib.framework/Versions/A/vecLib
0x0000000003141000 	/System/Library/Frameworks/Accelerate.framework/Versions/A/Frameworks/vecLib.framework/Versions/A/libvDSP.dylib
0x0000000003141000 	/System/Library/Frameworks/Accelerate.framework/Versions/A/Frameworks/vecLib.framework/Versions/A/libBNNS.dylib
0x0000000003141000 	/System/Library/Frameworks/Accelerate.framework/Versions/A/Frameworks/vecLib.framework/Versions/A/libQuadrature.dylib
0x0000000003141000 	/System/Library/Frameworks/Accelerate.framework/Versions/A/Frameworks/vecLib.framework/Versions/A/libvMisc.dylib
0x0000000003141000 	/System/Library/Frameworks/Accelerate.framework/Versions/A/Frameworks/vecLib.framework/Versions/A/libLAPACK.dylib
0x0000000003141000 	/System/Library/Frameworks/Accelerate.framework/Versions/A/Frameworks/vecLib.framework/Versions/A/libBLAS.dylib
0x0000000003141000 	/System/Library/Frameworks/Accelerate.framework/Versions/A/Frameworks/vecLib.framework/Versions/A/libLinearAlgebra.dylib
0x0000000003141000 	/System/Library/Frameworks/Accelerate.framework/Versions/A/Frameworks/vecLib.framework/Versions/A/libSparse.dylib
0x0000000003141000 	/System/Library/Frameworks/Accelerate.framework/Versions/A/Frameworks/vecLib.framework/Versions/A/libSparseBLAS.dylib
0x0000000003141000 	/System/Library/PrivateFrameworks/GPUWrangler.framework/Versions/A/GPUWrangler
0x0000000003141000 	/System/Library/PrivateFrameworks/IOAccelerator.framework/Versions/A/IOAccelerator
0x0000000003141000 	/System/Library/PrivateFrameworks/IOPresentment.framework/Versions/A/IOPresentment
0x0000000003141000 	/System/Library/PrivateFrameworks/DSExternalDisplay.framework/Versions/A/DSExternalDisplay
0x0000000003141000 	/System/Library/Frameworks/OpenGL.framework/Versions/A/Libraries/libCoreFSCache.dylib
0x0000000003141000 	/System/Library/Frameworks/CoreVideo.framework/Versions/A/CoreVideo
0x0000000003141000 	/System/Library/PrivateFrameworks/GraphVisualizer.framework/Versions/A/GraphVisualizer
0x0000000003141000 	/System/Library/Frameworks/MetalPerformanceShaders.framework/Versions/A/MetalPerformanceShaders
0x0000000003141000 	/usr/lib/libFosl_dynamic.dylib
0x0000000003141000 	/System/Library/PrivateFrameworks/FaceCore.framework/Versions/A/FaceCore
0x0000000003141000 	/System/Library/Frameworks/OpenCL.framework/Versions/A/OpenCL
0x0000000003141000 	/usr/lib/libcompression.dylib
0x0000000003141000 	/System/Library/Frameworks/ApplicationServices.framework/Versions/A/Frameworks/ATS.framework/Versions/A/Resources/libFontParser.dylib
0x0000000003141000 	/System/Library/Frameworks/ApplicationServices.framework/Versions/A/Frameworks/ATS.framework/Versions/A/Resources/libFontRegistry.dylib
0x0000000003141000 	/System/Library/Frameworks/ImageIO.framework/Versions/A/Resources/libJPEG.dylib
0x0000000003141000 	/System/Library/Frameworks/ImageIO.framework/Versions/A/Resources/libTIFF.dylib
0x0000000003141000 	/System/Library/Frameworks/ImageIO.framework/Versions/A/Resources/libPng.dylib
0x0000000003141000 	/System/Library/Frameworks/ImageIO.framework/Versions/A/Resources/libGIF.dylib
0x0000000003141000 	/System/Library/Frameworks/ImageIO.framework/Versions/A/Resources/libJP2.dylib
0x0000000003141000 	/System/Library/Frameworks/ImageIO.framework/Versions/A/Resources/libRadiance.dylib
0x0000000003141000 	/System/Library/PrivateFrameworks/AppleJPEG.framework/Versions/A/AppleJPEG
0x0000000003141000 	/System/Library/Frameworks/MetalPerformanceShaders.framework/Frameworks/MPSCore.framework/Versions/A/MPSCore
0x0000000003141000 	/System/Library/Frameworks/MetalPerformanceShaders.framework/Frameworks/MPSImage.framework/Versions/A/MPSImage
0x0000000003141000 	/System/Library/Frameworks/MetalPerformanceShaders.framework/Frameworks/MPSNeuralNetwork.framework/Versions/A/MPSNeuralNetwork
0x0000000003141000 	/System/Library/Frameworks/MetalPerformanceShaders.framework/Frameworks/MPSMatrix.framework/Versions/A/MPSMatrix
0x0000000003141000 	/System/Library/PrivateFrameworks/MetalTools.framework/Versions/A/MetalTools
0x0000000003141000 	/System/Library/Frameworks/OpenGL.framework/Versions/A/Libraries/libGLU.dylib
0x0000000003141000 	/System/Library/Frameworks/OpenGL.framework/Versions/A/Libraries/libGFXShared.dylib
0x0000000003141000 	/System/Library/Frameworks/OpenGL.framework/Versions/A/Libraries/libGL.dylib
0x0000000003141000 	/System/Library/Frameworks/OpenGL.framework/Versions/A/Libraries/libGLImage.dylib
0x0000000003141000 	/System/Library/Frameworks/OpenGL.framework/Versions/A/Libraries/libCVMSPluginSupport.dylib
0x0000000003141000 	/System/Library/Frameworks/OpenGL.framework/Versions/A/Libraries/libCoreVMClient.dylib
0x0000000003141000 	/usr/lib/libcups.2.dylib
0x0000000003141000 	/System/Library/Frameworks/Kerberos.framework/Versions/A/Kerberos
0x0000000003141000 	/System/Library/Frameworks/GSS.framework/Versions/A/GSS
0x0000000003141000 	/usr/lib/libresolv.9.dylib
0x0000000003141000 	/usr/lib/libiconv.2.dylib
0x0000000003141000 	/System/Library/PrivateFrameworks/Heimdal.framework/Versions/A/Heimdal
0x0000000003141000 	/usr/lib/libheimdal-asn1.dylib
0x0000000003141000 	/System/Library/Frameworks/OpenDirectory.framework/Versions/A/OpenDirectory
0x0000000003141000 	/System/Library/PrivateFrameworks/CommonAuth.framework/Versions/A/CommonAuth
0x0000000003141000 	/System/Library/Frameworks/OpenDirectory.framework/Versions/A/Frameworks/CFOpenDirectory.framework/Versions/A/CFOpenDirectory
0x0000000003141000 	/System/Library/Frameworks/SecurityFoundation.framework/Versions/A/SecurityFoundation
0x0000000003141000 	/System/Library/PrivateFrameworks/APFS.framework/Versions/A/APFS
0x0000000003141000 	/usr/lib/libutil.dylib
0x0000000003141000 	/System/Library/PrivateFrameworks/AppleSauce.framework/Versions/A/AppleSauce
0x0000000003141000 	/System/Library/PrivateFrameworks/LinguisticData.framework/Versions/A/LinguisticData
0x0000000003141000 	/usr/lib/libmarisa.dylib
0x0000000003141000 	/System/Library/PrivateFrameworks/Lexicon.framework/Versions/A/Lexicon
0x0000000003141000 	/usr/lib/libChineseTokenizer.dylib
0x0000000003141000 	/usr/lib/libcmph.dylib
0x0000000003141000 	/System/Library/PrivateFrameworks/LanguageModeling.framework/Versions/A/LanguageModeling
0x0000000003141000 	/System/Library/PrivateFrameworks/CoreEmoji.framework/Versions/A/CoreEmoji
0x0000000003141000 	/System/Library/Frameworks/ServiceManagement.framework/Versions/A/ServiceManagement
0x0000000003141000 	/System/Library/PrivateFrameworks/BackgroundTaskManagement.framework/Versions/A/BackgroundTaskManagement
0x0000000003141000 	/usr/lib/libxslt.1.dylib
0x0000000003141000 	/System/Library/Frameworks/Carbon.framework/Versions/A/Frameworks/Ink.framework/Versions/A/Ink
0x0000000003141000 	/System/Library/PrivateFrameworks/TextureIO.framework/Versions/A/TextureIO
0x0000000003141000 	/usr/lib/libate.dylib
0x0000000003141000 	/System/Library/PrivateFrameworks/CrashReporterSupport.framework/Versions/A/CrashReporterSupport
0x0000000003141000 	/System/Library/PrivateFrameworks/Sharing.framework/Versions/A/Sharing
0x0000000003141000 	/System/Library/PrivateFrameworks/IconServices.framework/Versions/A/IconServices
0x0000000003141000 	/System/Library/PrivateFrameworks/AuthKit.framework/Versions/A/AuthKit
0x0000000003141000 	/System/Library/PrivateFrameworks/Apple80211.framework/Versions/A/Apple80211
0x0000000003141000 	/System/Library/PrivateFrameworks/CoreUtils.framework/Versions/A/CoreUtils
0x0000000003141000 	/System/Library/Frameworks/CoreWLAN.framework/Versions/A/CoreWLAN
0x0000000003141000 	/System/Library/Frameworks/IOBluetooth.framework/Versions/A/IOBluetooth
0x0000000003141000 	/System/Library/PrivateFrameworks/ProtocolBuffer.framework/Versions/A/ProtocolBuffer
0x0000000003141000 	/System/Library/PrivateFrameworks/MobileKeyBag.framework/Versions/A/MobileKeyBag
0x0000000003141000 	/System/Library/PrivateFrameworks/CorePhoneNumbers.framework/Versions/A/CorePhoneNumbers
0x0000000003141000 	/System/Library/PrivateFrameworks/AppleIDAuthSupport.framework/Versions/A/AppleIDAuthSupport
0x0000000003141000 	/System/Library/PrivateFrameworks/KeychainCircle.framework/Versions/A/KeychainCircle
0x0000000003141000 	/System/Library/PrivateFrameworks/CoreWiFi.framework/Versions/A/CoreWiFi
0x0000000003141000 	/System/Library/Frameworks/CoreBluetooth.framework/Versions/A/CoreBluetooth
0x0000000003141000 	/System/Library/PrivateFrameworks/DebugSymbols.framework/Versions/A/DebugSymbols
0x0000000003141000 	/System/Library/PrivateFrameworks/CoreSymbolication.framework/Versions/A/CoreSymbolication
0x0000000003141000 	/System/Library/PrivateFrameworks/Symbolication.framework/Versions/A/Symbolication
0x0000000003141000 	/System/Library/PrivateFrameworks/AppleFSCompression.framework/Versions/A/AppleFSCompression
0x0000000003141000 	/System/Library/PrivateFrameworks/SpeechRecognitionCore.framework/Versions/A/SpeechRecognitionCore
0x0000000003141000 	/System/Library/CoreServices/Encodings/libCyrillicConverter.dylib
0x0000000109edf000 	/Library/Java/JavaVirtualMachines/jdk1.8.0_161.jdk/Contents/Home/jre/lib/server/libjvm.dylib
0x0000000003141000 	/usr/lib/libstdc++.6.0.9.dylib
0x000000010ae8d000 	/Library/Java/JavaVirtualMachines/jdk1.8.0_161.jdk/Contents/Home/jre/lib/libverify.dylib
0x000000010ae9b000 	/Library/Java/JavaVirtualMachines/jdk1.8.0_161.jdk/Contents/Home/jre/lib/libjava.dylib
0x000000010aed2000 	/Library/Java/JavaVirtualMachines/jdk1.8.0_161.jdk/Contents/Home/jre/lib/libinstrument.dylib
0x000000010af70000 	/Library/Java/JavaVirtualMachines/jdk1.8.0_161.jdk/Contents/Home/jre/lib/libzip.dylib
0x00000001118e5000 	/Library/Java/JavaVirtualMachines/jdk1.8.0_161.jdk/Contents/Home/jre/lib/libnet.dylib
0x0000000111fa9000 	/Library/Java/JavaVirtualMachines/jdk1.8.0_161.jdk/Contents/Home/jre/lib/libmanagement.dylib
0x0000000111ae1000 	/Library/Java/JavaVirtualMachines/jdk1.8.0_161.jdk/Contents/Home/jre/lib/libnio.dylib
0x0000000111fd8000 	/Library/Java/JavaVirtualMachines/jdk1.8.0_161.jdk/Contents/Home/jre/lib/libsunec.dylib

VM Arguments:
jvm_args: -javaagent:/Applications/IntelliJ IDEA CE.app/Contents/lib/idea_rt.jar=58670:/Applications/IntelliJ IDEA CE.app/Contents/bin -Dfile.encoding=UTF-8 
java_command: restapp.RestApplication
java_class_path (initial): /Library/Java/JavaVirtualMachines/jdk1.8.0_161.jdk/Contents/Home/jre/lib/charsets.jar:/Library/Java/JavaVirtualMachines/jdk1.8.0_161.jdk/Contents/Home/jre/lib/deploy.jar:/Library/Java/JavaVirtualMachines/jdk1.8.0_161.jdk/Contents/Home/jre/lib/ext/cldrdata.jar:/Library/Java/JavaVirtualMachines/jdk1.8.0_161.jdk/Contents/Home/jre/lib/ext/dnsns.jar:/Library/Java/JavaVirtualMachines/jdk1.8.0_161.jdk/Contents/Home/jre/lib/ext/jaccess.jar:/Library/Java/JavaVirtualMachines/jdk1.8.0_161.jdk/Contents/Home/jre/lib/ext/jfxrt.jar:/Library/Java/JavaVirtualMachines/jdk1.8.0_161.jdk/Contents/Home/jre/lib/ext/localedata.jar:/Library/Java/JavaVirtualMachines/jdk1.8.0_161.jdk/Contents/Home/jre/lib/ext/nashorn.jar:/Library/Java/JavaVirtualMachines/jdk1.8.0_161.jdk/Contents/Home/jre/lib/ext/sunec.jar:/Library/Java/JavaVirtualMachines/jdk1.8.0_161.jdk/Contents/Home/jre/lib/ext/sunjce_provider.jar:/Library/Java/JavaVirtualMachines/jdk1.8.0_161.jdk/Contents/Home/jre/lib/ext/sunpkcs11.jar:/Library/Java/JavaVirtualMachines/jdk1.8.0_161.jdk/Contents/Home/jre/lib/ext/zipfs.jar:/Library/Java/JavaVirtualMachines/jdk1.8.0_161.jdk/Contents/Home/jre/lib/javaws.jar:/Library/Java/JavaVirtualMachines/jdk1.8.0_161.jdk/Contents/Home/jre/lib/jce.jar:/Library/Java/JavaVirtualMachines/jdk1.8.0_161.jdk/Contents/Home/jre/lib/jfr.jar:/Library/Java/JavaVirtualMachines/jdk1.8.0_161.jdk/Contents/Home/jre/lib/jfxswt.jar:/Library/Java/JavaVirtualMachines/jdk1.8.0_161.jdk/Contents/Home/jre/lib/jsse.jar:/Library/Java/JavaVirtualMachines/jdk1.8.0_161.jdk/Contents/Home/jre/lib/management-agent.jar:/Library/Java/JavaVirtualMachines/jdk1.8.0_161.jdk/Contents/Home/jre/lib/plugin.jar:/Library/Java/JavaVirtualMachines/jdk1.8.0_161.jdk/Contents/Home/jre/lib/resources.jar:/Library/Java/JavaVirtualMachines/jdk1.8.0_161.jdk/Contents/Home/jre/lib/rt.jar:/Library/Java/JavaVirtualMachines/jdk1.8.0_161.jdk/Contents/Home/lib/ant-javafx.jar:/Library/Java/JavaVirtualMachines/jdk1.8.0_161.jdk/Contents/Home
Launcher Type: SUN_STANDARD

Environment Variables:
PATH=/usr/bin:/bin:/usr/sbin:/sbin:/usr/local/bin
SHELL=/bin/zsh

Signal Handlers:
SIGSEGV: [libjvm.dylib+0x5b5439], sa_mask[0]=11111111011111110111111111111111, sa_flags=SA_ONSTACK|SA_RESTART|SA_SIGINFO
SIGBUS: [libjvm.dylib+0x5b5439], sa_mask[0]=11111111011111110111111111111111, sa_flags=SA_RESTART|SA_SIGINFO
SIGFPE: [libjvm.dylib+0x48ae24], sa_mask[0]=11111111011111110111111111111111, sa_flags=SA_RESTART|SA_SIGINFO
SIGPIPE: [libjvm.dylib+0x48ae24], sa_mask[0]=11111111011111110111111111111111, sa_flags=SA_RESTART|SA_SIGINFO
SIGXFSZ: [libjvm.dylib+0x48ae24], sa_mask[0]=11111111011111110111111111111111, sa_flags=SA_RESTART|SA_SIGINFO
SIGILL: [libjvm.dylib+0x48ae24], sa_mask[0]=11111111011111110111111111111111, sa_flags=SA_RESTART|SA_SIGINFO
SIGUSR1: SIG_DFL, sa_mask[0]=00000000000000000000000000000000, sa_flags=none
SIGUSR2: [libjvm.dylib+0x48a942], sa_mask[0]=00100000000000000000000000000000, sa_flags=SA_RESTART|SA_SIGINFO
SIGHUP: [libjvm.dylib+0x488f0d], sa_mask[0]=11111111011111110111111111111111, sa_flags=SA_RESTART|SA_SIGINFO
SIGINT: [libjvm.dylib+0x488f0d], sa_mask[0]=11111111011111110111111111111111, sa_flags=SA_RESTART|SA_SIGINFO
SIGTERM: [libjvm.dylib+0x488f0d], sa_mask[0]=11111111011111110111111111111111, sa_flags=SA_RESTART|SA_SIGINFO
SIGQUIT: [libjvm.dylib+0x488f0d], sa_mask[0]=11111111011111110111111111111111, sa_flags=SA_RESTART|SA_SIGINFO


---------------  S Y S T E M  ---------------

OS:Bsduname:Darwin 17.7.0 Darwin Kernel Version 17.7.0: Thu Jun 21 22:53:14 PDT 2018; root:xnu-4570.71.2~1/RELEASE_X86_64 x86_64
rlimit: STACK 8192k, CORE 0k, NPROC 709, NOFILE 10240, AS infinity
load average:3.00 3.18 3.33

CPU:total 4 (initial active 4) (2 cores per cpu, 2 threads per core) family 6 model 69 stepping 1, cmov, cx8, fxsr, mmx, sse, sse2, sse3, ssse3, sse4.1, sse4.2, popcnt, avx, avx2, aes, clmul, erms, lzcnt, ht, tsc, tscinvbit, bmi1, bmi2

Memory: 4k page, physical 4194304k(21356k free)

/proc/meminfo:


vm_info: Java HotSpot(TM) 64-Bit Server VM (25.161-b12) for bsd-amd64 JRE (1.8.0_161-b12), built on Dec 19 2017 16:22:20 by "java_re" with gcc 4.2.1 (Based on Apple Inc. build 5658) (LLVM build 2336.11.00)

time: Tue Sep 11 01:00:49 2018
elapsed time: 2787 seconds (0d 0h 46m 27s)

